<?xml version="1.0" encoding="UTF-8"?>
<testng-results skipped="0" failed="0" ignored="0" total="2" passed="2">
  <reporter-output>
  </reporter-output>
  <suite name="Suite" duration-ms="77421" started-at="2020-08-04T16:18:40Z" finished-at="2020-08-04T16:19:57Z">
    <groups>
    </groups>
    <test name="Test" duration-ms="77421" started-at="2020-08-04T16:18:40Z" finished-at="2020-08-04T16:19:57Z">
      <class name="livesteadfast.AppiumFramework.ecommerce_tc_4">
        <test-method status="PASS" signature="totalValidation(java.lang.String)[pri:0, instance:livesteadfast.AppiumFramework.ecommerce_tc_4@143640d5]" name="totalValidation" duration-ms="37625" started-at="2020-08-04T16:18:40Z" data-provider="InputData" finished-at="2020-08-04T16:19:18Z">
          <params>
            <param index="0">
              <value>
                <![CDATA[hello]]>
              </value>
            </param>
          </params>
          <reporter-output>
          </reporter-output>
        </test-method> <!-- totalValidation -->
        <test-method status="PASS" signature="totalValidation(java.lang.String)[pri:0, instance:livesteadfast.AppiumFramework.ecommerce_tc_4@143640d5]" name="totalValidation" duration-ms="39765" started-at="2020-08-04T16:19:18Z" data-provider="InputData" finished-at="2020-08-04T16:19:57Z">
          <params>
            <param index="0">
              <value>
                <![CDATA[#$%^^&*]]>
              </value>
            </param>
          </params>
          <reporter-output>
          </reporter-output>
        </test-method> <!-- totalValidation -->
      </class> <!-- livesteadfast.AppiumFramework.ecommerce_tc_4 -->
    </test> <!-- Test -->
  </suite> <!-- Suite -->
</testng-results>
