<?xml version="1.0" encoding="UTF-8"?>
<testng-results ignored="0" total="2" passed="2" failed="0" skipped="0">
  <reporter-output>
  </reporter-output>
  <suite started-at="2020-08-04T19:59:59 IST" name="Suite" finished-at="2020-08-04T20:00:27 IST" duration-ms="28391">
    <groups>
    </groups>
    <test started-at="2020-08-04T19:59:59 IST" name="Test" finished-at="2020-08-04T20:00:27 IST" duration-ms="28391">
      <class name="livesteadfast.AppiumFramework.ecommerce_tc_4">
        <test-method signature="totalValidation(java.lang.String)[pri:0, instance:livesteadfast.AppiumFramework.ecommerce_tc_4@147ed70f]" started-at="2020-08-04T19:59:59 IST" name="totalValidation" data-provider="InputData" finished-at="2020-08-04T20:00:13 IST" duration-ms="14860" status="PASS">
          <params>
            <param index="0">
              <value>
                <![CDATA[hello]]>
              </value>
            </param>
          </params>
          <reporter-output>
          </reporter-output>
        </test-method> <!-- totalValidation -->
        <test-method signature="totalValidation(java.lang.String)[pri:0, instance:livesteadfast.AppiumFramework.ecommerce_tc_4@147ed70f]" started-at="2020-08-04T20:00:13 IST" name="totalValidation" data-provider="InputData" finished-at="2020-08-04T20:00:27 IST" duration-ms="13475" status="PASS">
          <params>
            <param index="0">
              <value>
                <![CDATA[#$%^^&*]]>
              </value>
            </param>
          </params>
          <reporter-output>
          </reporter-output>
        </test-method> <!-- totalValidation -->
      </class> <!-- livesteadfast.AppiumFramework.ecommerce_tc_4 -->
    </test> <!-- Test -->
  </suite> <!-- Suite -->
</testng-results>
